 
* Pulling the latest code and build all at 09/30/2021 Thu 13:12:58.62 
** Pulling the latest code at 09/30/2021 Thu 13:12:58.64 
Pulling latest code of current branch to the folder [D:\Workspace\Source\Denali\]... 
** Pulling the latest code ended at 09/30/2021 Thu 13:13:08.51 
* Pulling the latest code and build ended at 09/30/2021 Thu 13:13:08.53 
 
* Pulling the latest code and build all at 09/30/2021 Thu 13:20:16.02 
** Pulling the latest code at 09/30/2021 Thu 13:20:16.04 
Pulling latest code of current branch to the folder [D:\Workspace\Source\Denali\]... 
** Pulling the latest code ended at 09/30/2021 Thu 13:20:23.63 
* Pulling the latest code and build ended at 09/30/2021 Thu 13:20:23.64 
 
* Pulling the latest code and build all at 09/30/2021 Thu 13:26:32.26 
** Pulling the latest code at 09/30/2021 Thu 13:26:32.28 
Pulling latest code of current branch to the folder [D:\Workspace\Source\Denali\]... 
** Pulling the latest code ended at 09/30/2021 Thu 13:26:40.21 
* Pulling the latest code and build ended at 09/30/2021 Thu 13:26:40.22 
 
* Pulling the latest code and build all at 10/12/2021 Tue  8:07:27.82 
** Pulling the latest code at 10/12/2021 Tue  8:07:27.84 
Pulling latest code of current branch to the folder [D:\Workspace\Source\Denali\]... 
** Pulling the latest code ended at 10/12/2021 Tue  8:07:41.72 
* Pulling the latest code and build ended at 10/12/2021 Tue  8:07:41.74 
 
* Pulling the latest code and build all at 10/13/2021 Wed  8:07:27.85 
** Pulling the latest code at 10/13/2021 Wed  8:07:27.87 
Pulling latest code of current branch to the folder [D:\Workspace\Source\Denali\]... 
** Pulling the latest code ended at 10/13/2021 Wed  8:08:03.55 
* Pulling the latest code and build ended at 10/13/2021 Wed  8:08:03.57 
 
* Pulling the latest code and build all at 10/14/2021 Thu  8:07:27.88 
** Pulling the latest code at 10/14/2021 Thu  8:07:27.90 
Pulling latest code of current branch to the folder [D:\Workspace\Source\Denali\]... 
** Pulling the latest code ended at 10/14/2021 Thu  8:07:38.24 
* Pulling the latest code and build ended at 10/14/2021 Thu  8:07:38.24 
 
* Pulling the latest code and build all at 10/15/2021 Fri  8:07:28.16 
** Pulling the latest code at 10/15/2021 Fri  8:07:28.18 
Pulling latest code of current branch to the folder [D:\Workspace\Source\Denali\]... 
** Pulling the latest code ended at 10/15/2021 Fri  8:07:36.06 
* Pulling the latest code and build ended at 10/15/2021 Fri  8:07:36.08 
 
* Pulling the latest code and build all at 10/16/2021 Sat  8:07:28.20 
** Pulling the latest code at 10/16/2021 Sat  8:07:28.22 
Pulling latest code of current branch to the folder [D:\Workspace\Source\Denali\]... 
** Pulling the latest code ended at 10/16/2021 Sat  8:07:36.08 
* Pulling the latest code and build ended at 10/16/2021 Sat  8:07:36.08 
 
* Pulling the latest code and build all at 10/17/2021 Sun  8:07:27.89 
** Pulling the latest code at 10/17/2021 Sun  8:07:27.91 
Pulling latest code of current branch to the folder [D:\Workspace\Source\Denali\]... 
** Pulling the latest code ended at 10/17/2021 Sun  8:07:32.71 
* Pulling the latest code and build ended at 10/17/2021 Sun  8:07:32.78 
 
* Pulling the latest code and build all at 10/18/2021 Mon  8:07:27.94 
** Pulling the latest code at 10/18/2021 Mon  8:07:27.94 
Pulling latest code of current branch to the folder [D:\Workspace\Source\Denali\]... 
** Pulling the latest code ended at 10/18/2021 Mon  8:07:34.74 
* Pulling the latest code and build ended at 10/18/2021 Mon  8:07:34.75 
 
* Pulling the latest code and build all at 10/19/2021 Tue  8:07:27.93 
** Pulling the latest code at 10/19/2021 Tue  8:07:27.95 
Pulling latest code of current branch to the folder [D:\Workspace\Source\Denali\]... 
** Pulling the latest code ended at 10/19/2021 Tue  8:07:37.23 
* Pulling the latest code and build ended at 10/19/2021 Tue  8:07:37.23 
 
* Pulling the latest code and build all at 10/20/2021 Wed  8:07:27.93 
** Pulling the latest code at 10/20/2021 Wed  8:07:27.95 
Pulling latest code of current branch to the folder [D:\Workspace\Source\Denali\]... 
** Pulling the latest code ended at 10/20/2021 Wed  8:07:37.92 
* Pulling the latest code and build ended at 10/20/2021 Wed  8:07:37.93 
 
* Pulling the latest code and build all at 10/20/2021 Wed 15:51:23.98 
** Pulling the latest code at 10/20/2021 Wed 15:51:24.00 
Pulling latest code of current branch to the folder [D:\Workspace\Source\Denali\]... 
** Pulling the latest code ended at 10/20/2021 Wed 15:51:32.74 
* Pulling the latest code and build ended at 10/20/2021 Wed 15:51:32.75 
 
* Pulling the latest code and build all at 10/21/2021 Thu  8:07:27.68 
** Pulling the latest code at 10/21/2021 Thu  8:07:27.70 
Pulling latest code of current branch to the folder [D:\Workspace\Source\Denali\]... 
** Pulling the latest code ended at 10/21/2021 Thu  8:07:35.29 
* Pulling the latest code and build ended at 10/21/2021 Thu  8:07:35.31 
 
* Pulling the latest code and build all at 10/22/2021 Fri  8:07:27.70 
** Pulling the latest code at 10/22/2021 Fri  8:07:27.70 
Pulling latest code of current branch to the folder [D:\Workspace\Source\Denali\]... 
** Pulling the latest code ended at 10/22/2021 Fri  8:07:35.97 
* Pulling the latest code and build ended at 10/22/2021 Fri  8:07:35.99 
 
* Pulling the latest code and build all at 10/23/2021 Sat  8:07:27.72 
** Pulling the latest code at 10/23/2021 Sat  8:07:27.74 
Pulling latest code of current branch to the folder [D:\Workspace\Source\Denali\]... 
** Pulling the latest code ended at 10/23/2021 Sat  8:07:37.21 
* Pulling the latest code and build ended at 10/23/2021 Sat  8:07:37.22 
 
* Pulling the latest code and build all at 10/24/2021 Sun  8:07:27.73 
** Pulling the latest code at 10/24/2021 Sun  8:07:27.73 
Pulling latest code of current branch to the folder [D:\Workspace\Source\Denali\]... 
** Pulling the latest code ended at 10/24/2021 Sun  8:07:33.10 
* Pulling the latest code and build ended at 10/24/2021 Sun  8:07:33.10 
 
* Pulling the latest code and build all at 10/25/2021 Mon  8:07:27.75 
** Pulling the latest code at 10/25/2021 Mon  8:07:27.76 
Pulling latest code of current branch to the folder [D:\Workspace\Source\Denali\]... 
** Pulling the latest code ended at 10/25/2021 Mon  8:07:32.93 
* Pulling the latest code and build ended at 10/25/2021 Mon  8:07:32.95 
 
* Pulling the latest code and build all at 10/26/2021 Tue  8:07:27.74 
** Pulling the latest code at 10/26/2021 Tue  8:07:27.76 
Pulling latest code of current branch to the folder [D:\Workspace\Source\Denali\]... 
** Pulling the latest code ended at 10/26/2021 Tue  8:07:35.12 
* Pulling the latest code and build ended at 10/26/2021 Tue  8:07:35.13 
 
* Pulling the latest code and build all at 10/27/2021 Wed  8:07:27.78 
** Pulling the latest code at 10/27/2021 Wed  8:07:27.80 
Pulling latest code of current branch to the folder [D:\Workspace\Source\Denali\]... 
** Pulling the latest code ended at 10/27/2021 Wed  8:07:36.74 
* Pulling the latest code and build ended at 10/27/2021 Wed  8:07:36.74 
 
* Pulling the latest code and build all at 10/28/2021 Thu  8:07:27.80 
** Pulling the latest code at 10/28/2021 Thu  8:07:27.81 
Pulling latest code of current branch to the folder [D:\Workspace\Source\Denali\]... 
** Pulling the latest code ended at 10/28/2021 Thu  8:07:35.72 
* Pulling the latest code and build ended at 10/28/2021 Thu  8:07:35.73 
 
* Pulling the latest code and build all at 10/29/2021 Fri  8:07:27.83 
** Pulling the latest code at 10/29/2021 Fri  8:07:27.84 
Pulling latest code of current branch to the folder [D:\Workspace\Source\Denali\]... 
** Pulling the latest code ended at 10/29/2021 Fri  8:07:35.73 
* Pulling the latest code and build ended at 10/29/2021 Fri  8:07:35.73 
 
* Pulling the latest code and build all at 11/03/2021 Wed  8:07:27.67 
** Pulling the latest code at 11/03/2021 Wed  8:07:27.69 
Pulling latest code of current branch to the folder [D:\Workspace\Source\Denali\]... 
** Pulling the latest code ended at 11/03/2021 Wed  8:07:50.58 
* Pulling the latest code and build ended at 11/03/2021 Wed  8:07:50.58 
 
* Pulling the latest code and build all at 11/04/2021 Thu  8:07:27.68 
** Pulling the latest code at 11/04/2021 Thu  8:07:27.70 
Pulling latest code of current branch to the folder [D:\Workspace\Source\Denali\]... 
** Pulling the latest code ended at 11/04/2021 Thu  8:07:38.23 
* Pulling the latest code and build ended at 11/04/2021 Thu  8:07:38.24 
 
* Pulling the latest code and build all at 11/05/2021 Fri  8:07:27.69 
** Pulling the latest code at 11/05/2021 Fri  8:07:27.70 
Pulling latest code of current branch to the folder [D:\Workspace\Source\Denali\]... 
** Pulling the latest code ended at 11/05/2021 Fri  8:07:37.19 
* Pulling the latest code and build ended at 11/05/2021 Fri  8:07:37.20 
 
* Pulling the latest code and build all at 11/06/2021 Sat  8:07:27.73 
** Pulling the latest code at 11/06/2021 Sat  8:07:27.75 
Pulling latest code of current branch to the folder [D:\Workspace\Source\Denali\]... 
** Pulling the latest code ended at 11/06/2021 Sat  8:07:36.50 
* Pulling the latest code and build ended at 11/06/2021 Sat  8:07:36.50 
 
* Pulling the latest code and build all at 11/07/2021 Sun  8:07:27.73 
** Pulling the latest code at 11/07/2021 Sun  8:07:27.75 
Pulling latest code of current branch to the folder [D:\Workspace\Source\Denali\]... 
** Pulling the latest code ended at 11/07/2021 Sun  8:07:32.98 
* Pulling the latest code and build ended at 11/07/2021 Sun  8:07:32.98 
 
* Pulling the latest code and build all at 11/09/2021 Tue  8:07:27.89 
** Pulling the latest code at 11/09/2021 Tue  8:07:27.90 
Pulling latest code of current branch to the folder [D:\Workspace\Source\Denali\]... 
** Pulling the latest code ended at 11/09/2021 Tue  8:07:38.58 
* Pulling the latest code and build ended at 11/09/2021 Tue  8:07:38.60 
 
* Pulling the latest code and build all at 11/10/2021 Wed  8:07:27.93 
** Pulling the latest code at 11/10/2021 Wed  8:07:27.93 
Pulling latest code of current branch to the folder [D:\Workspace\Source\Denali\]... 
** Pulling the latest code ended at 11/10/2021 Wed  8:07:37.37 
* Pulling the latest code and build ended at 11/10/2021 Wed  8:07:37.38 
 
* Pulling the latest code and build all at 11/11/2021 Thu  8:07:27.90 
** Pulling the latest code at 11/11/2021 Thu  8:07:27.92 
Pulling latest code of current branch to the folder [D:\Workspace\Source\Denali\]... 
** Pulling the latest code ended at 11/11/2021 Thu  8:07:39.06 
* Pulling the latest code and build ended at 11/11/2021 Thu  8:07:39.07 
 
* Pulling the latest code and build all at 11/12/2021 Fri  8:07:27.91 
** Pulling the latest code at 11/12/2021 Fri  8:07:27.93 
Pulling latest code of current branch to the folder [D:\Workspace\Source\Denali\]... 
** Pulling the latest code ended at 11/12/2021 Fri  8:07:37.28 
* Pulling the latest code and build ended at 11/12/2021 Fri  8:07:37.29 
 
* Pulling the latest code and build all at 11/13/2021 Sat  8:07:27.86 
** Pulling the latest code at 11/13/2021 Sat  8:07:27.87 
Pulling latest code of current branch to the folder [D:\Workspace\Source\Denali\]... 
** Pulling the latest code ended at 11/13/2021 Sat  8:07:38.01 
* Pulling the latest code and build ended at 11/13/2021 Sat  8:07:38.01 
 
* Pulling the latest code and build all at 11/14/2021 Sun  8:07:27.86 
** Pulling the latest code at 11/14/2021 Sun  8:07:27.88 
Pulling latest code of current branch to the folder [D:\Workspace\Source\Denali\]... 
** Pulling the latest code ended at 11/14/2021 Sun  8:07:35.04 
* Pulling the latest code and build ended at 11/14/2021 Sun  8:07:35.04 
 
* Pulling the latest code and build all at 11/15/2021 Mon  8:07:28.21 
** Pulling the latest code at 11/15/2021 Mon  8:07:28.23 
Pulling latest code of current branch to the folder [D:\Workspace\Source\Denali\]... 
** Pulling the latest code ended at 11/15/2021 Mon  8:07:33.93 
* Pulling the latest code and build ended at 11/15/2021 Mon  8:07:33.94 
 
* Pulling the latest code and build all at 11/16/2021 Tue  8:07:27.97 
** Pulling the latest code at 11/16/2021 Tue  8:07:27.98 
Pulling latest code of current branch to the folder [D:\Workspace\Source\Denali\]... 
** Pulling the latest code ended at 11/16/2021 Tue  8:07:44.52 
* Pulling the latest code and build ended at 11/16/2021 Tue  8:07:44.52 
 
* Pulling the latest code and build all at 11/17/2021 Wed  8:07:27.93 
** Pulling the latest code at 11/17/2021 Wed  8:07:27.94 
Pulling latest code of current branch to the folder [D:\Workspace\Source\Denali\]... 
** Pulling the latest code ended at 11/17/2021 Wed  8:07:40.34 
* Pulling the latest code and build ended at 11/17/2021 Wed  8:07:40.37 
 
* Pulling the latest code and build all at 11/19/2021 Fri  8:07:27.60 
** Pulling the latest code at 11/19/2021 Fri  8:07:27.61 
Pulling latest code of current branch to the folder [D:\Workspace\Source\Denali\]... 
** Pulling the latest code ended at 11/19/2021 Fri  8:08:32.31 
* Pulling the latest code and build ended at 11/19/2021 Fri  8:08:32.32 
 
* Pulling the latest code and build all at 11/20/2021 Sat  8:07:27.59 
** Pulling the latest code at 11/20/2021 Sat  8:07:27.61 
Pulling latest code of current branch to the folder [D:\Workspace\Source\Denali\]... 
** Pulling the latest code ended at 11/20/2021 Sat  8:07:39.77 
* Pulling the latest code and build ended at 11/20/2021 Sat  8:07:39.78 
 
* Pulling the latest code and build all at 11/21/2021 Sun  8:07:27.63 
** Pulling the latest code at 11/21/2021 Sun  8:07:27.65 
Pulling latest code of current branch to the folder [D:\Workspace\Source\Denali\]... 
** Pulling the latest code ended at 11/21/2021 Sun  8:07:27.94 
* Pulling the latest code and build ended at 11/21/2021 Sun  8:07:27.95 
 
* Pulling the latest code and build all at 11/22/2021 Mon  8:07:27.62 
** Pulling the latest code at 11/22/2021 Mon  8:07:27.64 
Pulling latest code of current branch to the folder [D:\Workspace\Source\Denali\]... 
** Pulling the latest code ended at 11/22/2021 Mon  8:07:33.28 
* Pulling the latest code and build ended at 11/22/2021 Mon  8:07:33.28 
 
* Pulling the latest code and build all at 11/23/2021 Tue  8:07:27.66 
** Pulling the latest code at 11/23/2021 Tue  8:07:27.68 
Pulling latest code of current branch to the folder [D:\Workspace\Source\Denali\]... 
** Pulling the latest code ended at 11/23/2021 Tue  8:07:36.01 
* Pulling the latest code and build ended at 11/23/2021 Tue  8:07:36.02 
 
* Pulling the latest code and build all at 11/24/2021 Wed  8:07:27.67 
** Pulling the latest code at 11/24/2021 Wed  8:07:27.69 
Pulling latest code of current branch to the folder [D:\Workspace\Source\Denali\]... 
** Pulling the latest code ended at 11/24/2021 Wed  8:07:48.92 
* Pulling the latest code and build ended at 11/24/2021 Wed  8:07:48.94 
 
* Pulling the latest code and build all at 11/25/2021 Thu  8:07:28.21 
** Pulling the latest code at 11/25/2021 Thu  8:07:28.22 
Pulling latest code of current branch to the folder [D:\Workspace\Source\Denali\]... 
** Pulling the latest code ended at 11/25/2021 Thu  8:07:43.55 
* Pulling the latest code and build ended at 11/25/2021 Thu  8:07:43.57 
 
* Pulling the latest code and build all at 11/26/2021 Fri  8:07:27.71 
** Pulling the latest code at 11/26/2021 Fri  8:07:27.72 
Pulling latest code of current branch to the folder [D:\Workspace\Source\Denali\]... 
** Pulling the latest code ended at 11/26/2021 Fri  8:07:49.99 
* Pulling the latest code and build ended at 11/26/2021 Fri  8:07:49.99 
 
* Pulling the latest code and build all at 11/27/2021 Sat  8:07:27.70 
** Pulling the latest code at 11/27/2021 Sat  8:07:27.72 
Pulling latest code of current branch to the folder [D:\Workspace\Source\Denali\]... 
** Pulling the latest code ended at 11/27/2021 Sat  8:07:35.74 
* Pulling the latest code and build ended at 11/27/2021 Sat  8:07:35.78 
 
* Pulling the latest code and build all at 11/28/2021 Sun  8:07:27.71 
** Pulling the latest code at 11/28/2021 Sun  8:07:27.72 
Pulling latest code of current branch to the folder [D:\Workspace\Source\Denali\]... 
** Pulling the latest code ended at 11/28/2021 Sun  8:07:38.26 
* Pulling the latest code and build ended at 11/28/2021 Sun  8:07:38.27 
 
* Pulling the latest code and build all at 11/29/2021 Mon  8:07:27.71 
** Pulling the latest code at 11/29/2021 Mon  8:07:27.73 
Pulling latest code of current branch to the folder [D:\Workspace\Source\Denali\]... 
** Pulling the latest code ended at 11/29/2021 Mon  8:07:32.02 
* Pulling the latest code and build ended at 11/29/2021 Mon  8:07:32.02 
 
* Pulling the latest code and build all at 11/30/2021 Tue  8:07:28.01 
** Pulling the latest code at 11/30/2021 Tue  8:07:28.03 
Pulling latest code of current branch to the folder [D:\Workspace\Source\Denali\]... 
** Pulling the latest code ended at 11/30/2021 Tue  8:07:41.13 
* Pulling the latest code and build ended at 11/30/2021 Tue  8:07:41.15 
 
* Pulling the latest code and build all at 12/01/2021 Wed  8:07:27.73 
** Pulling the latest code at 12/01/2021 Wed  8:07:27.74 
Pulling latest code of current branch to the folder [D:\Workspace\Source\Denali\]... 
** Pulling the latest code ended at 12/01/2021 Wed  8:07:39.12 
* Pulling the latest code and build ended at 12/01/2021 Wed  8:07:39.13 
 
* Pulling the latest code and build all at 12/02/2021 Thu  8:07:28.14 
** Pulling the latest code at 12/02/2021 Thu  8:07:28.14 
Pulling latest code of current branch to the folder [D:\Workspace\Source\Denali\]... 
** Pulling the latest code ended at 12/02/2021 Thu  8:07:34.82 
* Pulling the latest code and build ended at 12/02/2021 Thu  8:07:34.83 
 
* Pulling the latest code and build all at 12/03/2021 Fri  8:07:27.75 
** Pulling the latest code at 12/03/2021 Fri  8:07:27.76 
Pulling latest code of current branch to the folder [D:\Workspace\Source\Denali\]... 
** Pulling the latest code ended at 12/03/2021 Fri  8:07:41.01 
* Pulling the latest code and build ended at 12/03/2021 Fri  8:07:41.03 
 
* Pulling the latest code and build all at 12/04/2021 Sat  8:07:27.77 
** Pulling the latest code at 12/04/2021 Sat  8:07:27.77 
Pulling latest code of current branch to the folder [D:\Workspace\Source\Denali\]... 
** Pulling the latest code ended at 12/04/2021 Sat  8:07:39.69 
* Pulling the latest code and build ended at 12/04/2021 Sat  8:07:39.72 
 
* Pulling the latest code and build all at 12/05/2021 Sun  8:07:27.78 
** Pulling the latest code at 12/05/2021 Sun  8:07:27.79 
Pulling latest code of current branch to the folder [D:\Workspace\Source\Denali\]... 
** Pulling the latest code ended at 12/05/2021 Sun  8:07:38.20 
* Pulling the latest code and build ended at 12/05/2021 Sun  8:07:38.20 
 
* Pulling the latest code and build all at 12/06/2021 Mon  8:07:27.81 
** Pulling the latest code at 12/06/2021 Mon  8:07:27.82 
Pulling latest code of current branch to the folder [D:\Workspace\Source\Denali\]... 
** Pulling the latest code ended at 12/06/2021 Mon  8:07:37.69 
* Pulling the latest code and build ended at 12/06/2021 Mon  8:07:37.71 
 
* Pulling the latest code and build all at 12/07/2021 Tue  8:07:28.09 
** Pulling the latest code at 12/07/2021 Tue  8:07:28.13 
Pulling latest code of current branch to the folder [D:\Workspace\Source\Denali\]... 
** Pulling the latest code ended at 12/07/2021 Tue  8:07:55.42 
* Pulling the latest code and build ended at 12/07/2021 Tue  8:07:55.44 
 
* Pulling the latest code and build all at 12/08/2021 Wed  8:07:28.02 
** Pulling the latest code at 12/08/2021 Wed  8:07:28.04 
Pulling latest code of current branch to the folder [D:\Workspace\Source\Denali\]... 
** Pulling the latest code ended at 12/08/2021 Wed  8:07:37.56 
* Pulling the latest code and build ended at 12/08/2021 Wed  8:07:37.57 
 
* Pulling the latest code and build all at 12/10/2021 Fri  8:07:27.88 
** Pulling the latest code at 12/10/2021 Fri  8:07:27.89 
Pulling latest code of current branch to the folder [D:\Workspace\Source\Denali\]... 
** Pulling the latest code ended at 12/10/2021 Fri  8:08:22.16 
* Pulling the latest code and build ended at 12/10/2021 Fri  8:08:22.17 
 
* Pulling the latest code and build all at 12/11/2021 Sat  8:07:27.94 
** Pulling the latest code at 12/11/2021 Sat  8:07:27.95 
Pulling latest code of current branch to the folder [D:\Workspace\Source\Denali\]... 
** Pulling the latest code ended at 12/11/2021 Sat  8:07:38.22 
* Pulling the latest code and build ended at 12/11/2021 Sat  8:07:38.24 
 
* Pulling the latest code and build all at 12/12/2021 Sun  8:07:27.89 
** Pulling the latest code at 12/12/2021 Sun  8:07:27.90 
Pulling latest code of current branch to the folder [D:\Workspace\Source\Denali\]... 
** Pulling the latest code ended at 12/12/2021 Sun  8:07:33.00 
* Pulling the latest code and build ended at 12/12/2021 Sun  8:07:33.02 
 
* Pulling the latest code and build all at 12/13/2021 Mon  8:07:27.94 
** Pulling the latest code at 12/13/2021 Mon  8:07:27.96 
Pulling latest code of current branch to the folder [D:\Workspace\Source\Denali\]... 
** Pulling the latest code ended at 12/13/2021 Mon  8:07:41.23 
* Pulling the latest code and build ended at 12/13/2021 Mon  8:07:41.24 
 
* Pulling the latest code and build all at 12/14/2021 Tue  8:07:27.89 
** Pulling the latest code at 12/14/2021 Tue  8:07:27.90 
Pulling latest code of current branch to the folder [D:\Workspace\Source\Denali\]... 
** Pulling the latest code ended at 12/14/2021 Tue  8:07:49.42 
* Pulling the latest code and build ended at 12/14/2021 Tue  8:07:49.43 
 
* Pulling the latest code and build all at 12/15/2021 Wed  8:07:27.92 
** Pulling the latest code at 12/15/2021 Wed  8:07:27.94 
Pulling latest code of current branch to the folder [D:\Workspace\Source\Denali\]... 
** Pulling the latest code ended at 12/15/2021 Wed  8:07:42.80 
* Pulling the latest code and build ended at 12/15/2021 Wed  8:07:43.02 
 
* Pulling the latest code and build all at 12/16/2021 Thu  8:07:27.93 
** Pulling the latest code at 12/16/2021 Thu  8:07:27.95 
Pulling latest code of current branch to the folder [D:\Workspace\Source\Denali\]... 
** Pulling the latest code ended at 12/16/2021 Thu  8:09:01.86 
* Pulling the latest code and build ended at 12/16/2021 Thu  8:09:01.87 
 
* Pulling the latest code and build all at 12/17/2021 Fri  8:07:27.93 
** Pulling the latest code at 12/17/2021 Fri  8:07:27.93 
Pulling latest code of current branch to the folder [D:\Workspace\Source\Denali\]... 
** Pulling the latest code ended at 12/17/2021 Fri  8:07:38.30 
* Pulling the latest code and build ended at 12/17/2021 Fri  8:07:38.32 
 
* Pulling the latest code and build all at 12/18/2021 Sat  8:07:27.94 
** Pulling the latest code at 12/18/2021 Sat  8:07:27.96 
Pulling latest code of current branch to the folder [D:\Workspace\Source\Denali\]... 
** Pulling the latest code ended at 12/18/2021 Sat  8:07:34.52 
* Pulling the latest code and build ended at 12/18/2021 Sat  8:07:34.52 
 
* Pulling the latest code and build all at 12/19/2021 Sun  8:07:27.96 
** Pulling the latest code at 12/19/2021 Sun  8:07:27.97 
Pulling latest code of current branch to the folder [D:\Workspace\Source\Denali\]... 
** Pulling the latest code ended at 12/19/2021 Sun  8:07:33.63 
* Pulling the latest code and build ended at 12/19/2021 Sun  8:07:33.63 
 
* Pulling the latest code and build all at 12/20/2021 Mon  8:07:27.96 
** Pulling the latest code at 12/20/2021 Mon  8:07:27.98 
Pulling latest code of current branch to the folder [D:\Workspace\Source\Denali\]... 
** Pulling the latest code ended at 12/20/2021 Mon  8:07:37.42 
* Pulling the latest code and build ended at 12/20/2021 Mon  8:07:37.42 
 
* Pulling the latest code and build all at 12/21/2021 Tue  8:07:27.97 
** Pulling the latest code at 12/21/2021 Tue  8:07:27.98 
Pulling latest code of current branch to the folder [D:\Workspace\Source\Denali\]... 
** Pulling the latest code ended at 12/21/2021 Tue  8:07:36.60 
* Pulling the latest code and build ended at 12/21/2021 Tue  8:07:36.60 
 
* Pulling the latest code and build all at 12/22/2021 Wed  8:07:27.95 
** Pulling the latest code at 12/22/2021 Wed  8:07:27.97 
Pulling latest code of current branch to the folder [D:\Workspace\Source\Denali\]... 
** Pulling the latest code ended at 12/22/2021 Wed  8:07:36.18 
* Pulling the latest code and build ended at 12/22/2021 Wed  8:07:36.34 
 
* Pulling the latest code and build all at 12/23/2021 Thu  8:07:27.97 
** Pulling the latest code at 12/23/2021 Thu  8:07:27.98 
Pulling latest code of current branch to the folder [D:\Workspace\Source\Denali\]... 
** Pulling the latest code ended at 12/23/2021 Thu  8:07:39.00 
* Pulling the latest code and build ended at 12/23/2021 Thu  8:07:39.01 
 
* Pulling the latest code and build all at 12/24/2021 Fri  8:07:27.97 
** Pulling the latest code at 12/24/2021 Fri  8:07:27.99 
Pulling latest code of current branch to the folder [D:\Workspace\Source\Denali\]... 
** Pulling the latest code ended at 12/24/2021 Fri  8:07:35.05 
* Pulling the latest code and build ended at 12/24/2021 Fri  8:07:35.06 
 
* Pulling the latest code and build all at 12/25/2021 Sat  8:07:28.00 
** Pulling the latest code at 12/25/2021 Sat  8:07:28.02 
Pulling latest code of current branch to the folder [D:\Workspace\Source\Denali\]... 
** Pulling the latest code ended at 12/25/2021 Sat  8:07:36.26 
* Pulling the latest code and build ended at 12/25/2021 Sat  8:07:36.26 
 
* Pulling the latest code and build all at 12/26/2021 Sun  8:07:28.15 
** Pulling the latest code at 12/26/2021 Sun  8:07:28.16 
Pulling latest code of current branch to the folder [D:\Workspace\Source\Denali\]... 
** Pulling the latest code ended at 12/26/2021 Sun  8:07:34.75 
* Pulling the latest code and build ended at 12/26/2021 Sun  8:07:34.76 
 
* Pulling the latest code and build all at 12/27/2021 Mon  8:07:28.01 
** Pulling the latest code at 12/27/2021 Mon  8:07:28.03 
Pulling latest code of current branch to the folder [D:\Workspace\Source\Denali\]... 
** Pulling the latest code ended at 12/27/2021 Mon  8:07:32.60 
* Pulling the latest code and build ended at 12/27/2021 Mon  8:07:32.60 
 
* Pulling the latest code and build all at 12/28/2021 Tue  8:07:28.04 
** Pulling the latest code at 12/28/2021 Tue  8:07:28.07 
Pulling latest code of current branch to the folder [D:\Workspace\Source\Denali\]... 
** Pulling the latest code ended at 12/28/2021 Tue  8:07:37.42 
* Pulling the latest code and build ended at 12/28/2021 Tue  8:07:37.43 
 
* Pulling the latest code and build all at 12/29/2021 Wed  8:07:28.05 
** Pulling the latest code at 12/29/2021 Wed  8:07:28.07 
Pulling latest code of current branch to the folder [D:\Workspace\Source\Denali\]... 
** Pulling the latest code ended at 12/29/2021 Wed  8:07:40.15 
* Pulling the latest code and build ended at 12/29/2021 Wed  8:07:40.16 
 
* Pulling the latest code and build all at 12/30/2021 Thu  8:07:28.08 
** Pulling the latest code at 12/30/2021 Thu  8:07:28.10 
Pulling latest code of current branch to the folder [D:\Workspace\Source\Denali\]... 
** Pulling the latest code ended at 12/30/2021 Thu  8:07:36.39 
* Pulling the latest code and build ended at 12/30/2021 Thu  8:07:36.40 
 
* Pulling the latest code and build all at 12/31/2021 Fri  8:07:28.07 
** Pulling the latest code at 12/31/2021 Fri  8:07:28.09 
Pulling latest code of current branch to the folder [D:\Workspace\Source\Denali\]... 
** Pulling the latest code ended at 12/31/2021 Fri  8:07:39.64 
* Pulling the latest code and build ended at 12/31/2021 Fri  8:07:39.66 
 
* Pulling the latest code and build all at 01/01/2022 Sat  8:07:28.08 
** Pulling the latest code at 01/01/2022 Sat  8:07:28.09 
Pulling latest code of current branch to the folder [D:\Workspace\Source\Denali\]... 
** Pulling the latest code ended at 01/01/2022 Sat  8:07:37.61 
* Pulling the latest code and build ended at 01/01/2022 Sat  8:07:37.63 
 
* Pulling the latest code and build all at 01/02/2022 Sun  8:07:28.10 
** Pulling the latest code at 01/02/2022 Sun  8:07:28.11 
Pulling latest code of current branch to the folder [D:\Workspace\Source\Denali\]... 
** Pulling the latest code ended at 01/02/2022 Sun  8:07:34.10 
* Pulling the latest code and build ended at 01/02/2022 Sun  8:07:34.10 
 
* Pulling the latest code and build all at 01/03/2022 Mon  8:07:28.12 
** Pulling the latest code at 01/03/2022 Mon  8:07:28.12 
Pulling latest code of current branch to the folder [D:\Workspace\Source\Denali\]... 
** Pulling the latest code ended at 01/03/2022 Mon  8:07:33.81 
* Pulling the latest code and build ended at 01/03/2022 Mon  8:07:33.83 
 
* Pulling the latest code and build all at 01/04/2022 Tue  8:07:28.12 
** Pulling the latest code at 01/04/2022 Tue  8:07:28.13 
Pulling latest code of current branch to the folder [D:\Workspace\Source\Denali\]... 
** Pulling the latest code ended at 01/04/2022 Tue  8:07:33.47 
* Pulling the latest code and build ended at 01/04/2022 Tue  8:07:33.50 
 
* Pulling the latest code and build all at 01/05/2022 Wed  8:07:28.15 
** Pulling the latest code at 01/05/2022 Wed  8:07:28.16 
Pulling latest code of current branch to the folder [D:\Workspace\Source\Denali\]... 
** Pulling the latest code ended at 01/05/2022 Wed  8:07:44.94 
* Pulling the latest code and build ended at 01/05/2022 Wed  8:07:44.96 
 
* Pulling the latest code and build all at 01/06/2022 Thu  8:07:28.14 
** Pulling the latest code at 01/06/2022 Thu  8:07:28.17 
Pulling latest code of current branch to the folder [D:\Workspace\Source\Denali\]... 
** Pulling the latest code ended at 01/06/2022 Thu  8:07:40.39 
* Pulling the latest code and build ended at 01/06/2022 Thu  8:07:40.40 
 
* Pulling the latest code and build all at 01/07/2022 Fri  8:07:28.15 
** Pulling the latest code at 01/07/2022 Fri  8:07:28.17 
Pulling latest code of current branch to the folder [D:\Workspace\Source\Denali\]... 
** Pulling the latest code ended at 01/07/2022 Fri  8:07:37.92 
* Pulling the latest code and build ended at 01/07/2022 Fri  8:07:37.94 
 
* Pulling the latest code and build all at 01/08/2022 Sat  8:07:28.15 
** Pulling the latest code at 01/08/2022 Sat  8:07:28.17 
Pulling latest code of current branch to the folder [D:\Workspace\Source\Denali\]... 
** Pulling the latest code ended at 01/08/2022 Sat  8:07:38.94 
* Pulling the latest code and build ended at 01/08/2022 Sat  8:07:38.95 
 
* Pulling the latest code and build all at 01/11/2022 Tue  8:07:27.62 
** Pulling the latest code at 01/11/2022 Tue  8:07:27.63 
Pulling latest code of current branch to the folder [D:\Workspace\Source\Denali\]... 
** Pulling the latest code ended at 01/11/2022 Tue  8:07:41.32 
* Pulling the latest code and build ended at 01/11/2022 Tue  8:07:41.34 
 
* Pulling the latest code and build all at 01/12/2022 Wed  8:07:27.61 
** Pulling the latest code at 01/12/2022 Wed  8:07:27.63 
Pulling latest code of current branch to the folder [D:\Workspace\Source\Denali\]... 
** Pulling the latest code ended at 01/12/2022 Wed  8:07:36.58 
* Pulling the latest code and build ended at 01/12/2022 Wed  8:07:36.58 
 
* Pulling the latest code and build all at 01/13/2022 Thu  8:07:27.14 
** Pulling the latest code at 01/13/2022 Thu  8:07:27.14 
Pulling latest code of current branch to the folder [D:\Workspace\Source\Denali\]... 
** Pulling the latest code ended at 01/13/2022 Thu  8:07:38.04 
* Pulling the latest code and build ended at 01/13/2022 Thu  8:07:38.04 
 
* Pulling the latest code and build all at 01/14/2022 Fri  8:07:27.17 
** Pulling the latest code at 01/14/2022 Fri  8:07:27.18 
Pulling latest code of current branch to the folder [D:\Workspace\Source\Denali\]... 
** Pulling the latest code ended at 01/14/2022 Fri  8:07:38.09 
* Pulling the latest code and build ended at 01/14/2022 Fri  8:07:38.09 
 
* Pulling the latest code and build all at 01/15/2022 Sat  8:07:27.18 
** Pulling the latest code at 01/15/2022 Sat  8:07:27.18 
Pulling latest code of current branch to the folder [D:\Workspace\Source\Denali\]... 
** Pulling the latest code ended at 01/15/2022 Sat  8:07:55.08 
* Pulling the latest code and build ended at 01/15/2022 Sat  8:07:55.09 
 
* Pulling the latest code and build all at 01/16/2022 Sun  8:07:27.18 
** Pulling the latest code at 01/16/2022 Sun  8:07:27.19 
Pulling latest code of current branch to the folder [D:\Workspace\Source\Denali\]... 
** Pulling the latest code ended at 01/16/2022 Sun  8:07:31.24 
* Pulling the latest code and build ended at 01/16/2022 Sun  8:07:31.24 
 
* Pulling the latest code and build all at 01/17/2022 Mon  8:07:27.18 
** Pulling the latest code at 01/17/2022 Mon  8:07:27.21 
Pulling latest code of current branch to the folder [D:\Workspace\Source\Denali\]... 
** Pulling the latest code ended at 01/17/2022 Mon  8:07:32.57 
* Pulling the latest code and build ended at 01/17/2022 Mon  8:07:33.02 
 
* Pulling the latest code and build all at 01/18/2022 Tue  8:07:27.20 
** Pulling the latest code at 01/18/2022 Tue  8:07:27.21 
Pulling latest code of current branch to the folder [D:\Workspace\Source\Denali\]... 
** Pulling the latest code ended at 01/18/2022 Tue  8:07:54.79 
* Pulling the latest code and build ended at 01/18/2022 Tue  8:07:54.80 
 
* Pulling the latest code and build all at 01/19/2022 Wed  8:07:27.20 
** Pulling the latest code at 01/19/2022 Wed  8:07:27.22 
Pulling latest code of current branch to the folder [D:\Workspace\Source\Denali\]... 
** Pulling the latest code ended at 01/19/2022 Wed  8:07:36.22 
* Pulling the latest code and build ended at 01/19/2022 Wed  8:07:36.22 
